Engine-Match 13 January 2021 02:37:21
 Blitz 0/0,2 

Pairing 1/1 :    WukongJS 1.4a  -  WukongJS 1.4a tuned

PGN-File: /home/maksim/Tournaments/Dataset.pgn

No:  B/W 1/2     W:B       1:2           Time        Value Moves Dep 1:2       1-2-Draws
   1 B 2    1,0:0,0        0,0:1,0       02:37:59      -M1    37 3,077 :3,107  0-1-0
   2 W 2    2,0:0,0        0,0:2,0       02:38:38      +M1    38 3,149 :3,300  0-2-0
   3 W 1    3,0:0,0        1,0:2,0       02:39:05    -0.00    25 3,379 :3,367  1-2-0
   4 W 2    4,0:0,0        1,0:3,0       02:39:53    -0.00    48 3,352 :3,370  1-3-0
   5 W 1    5,0:0,0        2,0:3,0       02:40:18    -0.00    24 3,382 :3,404  2-3-0
   6 * *     5,0:0,0        2,0:3,0       02:40:23    -0.00     5 3,382 :3,404  2-3-0

--------------------------------------------------------------

Engine-Match 13 January 2021 03:03:07
 Blitz 0/0,4 

Pairing 1/1 :    WukongJS 1.4a  -  WukongJS 1.4a tuned

PGN-File: /home/maksim/Tournaments/Dataset.pgn

No:  B/W 1/2     W:B       1:2           Time        Value Moves Dep 1:2       1-2-Draws
   1 * *     0,0:0,0        0,0:0,0       03:03:13    +0.01     3 2,667 :2,500  0-0-0

--------------------------------------------------------------

Engine-Match 13 January 2021 03:03:26
 Blitz 0/0,4 

Pairing 1/1 :    WukongJS 1.4a  -  WukongJS 1.4a tuned

PGN-File: /home/maksim/Tournaments/Dataset.pgn

No:  B/W 1/2     W:B       1:2           Time        Value Moves Dep 1:2       1-2-Draws
   1 B 2    1,0:0,0        0,0:1,0       03:05:02      -M1    69 5,077 :5,240  0-1-0
   2 W 2    2,0:0,0        0,0:2,0       03:06:22      +M1    58 4,926 :4,962  0-2-0
   3 = =    2,5:0,5        0,5:2,5       03:08:39    -0.00    96 4,797 :4,806  0-2-1
   4 W 2    3,5:0,5        0,5:3,5       03:10:01      +M1    60 4,525 :4,479  0-3-1
   5 * *     3,5:0,5        0,5:3,5       03:10:44    -2.43    31 4,528 :4,524  0-3-1

--------------------------------------------------------------

Engine-Match 13 January 2021 03:14:35
 Blitz 0/0,4 

Pairing 1/1 :    WukongJS 1.4a  -  WukongJS 1.4a tuned

PGN-File: /home/maksim/Tournaments/Dataset.pgn

No:  B/W 1/2     W:B       1:2           Time        Value Moves Dep 1:2       1-2-Draws
   1 B 2    1,0:0,0        0,0:1,0       03:16:13      -M1    71 4,395 :4,595  0-1-0
   2 = =    1,5:0,5        0,5:1,5       03:18:49    -0.00   110 4,508 :4,556  0-1-1
   3 = =    2,0:1,0        1,0:2,0       03:23:06    -0.00   174 4,450 :4,430  0-1-2
   4 W 2    3,0:1,0        1,0:3,0       03:23:46      +M1    30 4,392 :4,333  0-2-2
   5 B 2    4,0:1,0        1,0:4,0       03:25:08    -2.68    58 4,325 :4,187  0-3-2
   6 W 2    5,0:1,0        1,0:5,0       03:26:31    +5.88    58 4,344 :4,255  0-4-2
   7 W 1    6,0:1,0        2,0:5,0       03:27:51      +M1    59 4,398 :4,224  1-4-2
   8 W 2    7,0:1,0        2,0:6,0       03:28:42      +M1    38 4,378 :4,256  1-5-2
   9 B 2    8,0:1,0        2,0:7,0       03:30:41    -4.80    84 4,343 :4,239  1-6-2
  10 * *     8,0:1,0        2,0:7,0       03:31:29    -2.83    34 4,343 :4,246  1-6-2

--------------------------------------------------------------

Engine-Match 13 January 2021 03:34:21
 Blitz 0/0,4 

Pairing 1/1 :    WukongJS 1.4a  -  WukongJS 1.4a tuned

PGN-File: /home/maksim/Tournaments/Dataset.pgn

No:  B/W 1/2     W:B       1:2           Time        Value Moves Dep 1:2       1-2-Draws
   1 B 2    1,0:0,0        0,0:1,0       03:35:05      -M1    33 4,100 :3,933  0-1-0
   2 W 2    2,0:0,0        0,0:2,0       03:36:12      +M1    50 4,250 :4,170  0-2-0
   3 W 1    3,0:0,0        1,0:2,0       03:37:31      +M1    57 4,384 :4,356  1-2-0
   4 B 1    4,0:0,0        2,0:2,0       03:38:20      -M1    35 4,157 :4,225  2-2-0
   5 W 1    5,0:0,0        3,0:2,0       03:40:04      +M1    75 4,214 :4,336  3-2-0
   6 W 2    6,0:0,0        3,0:3,0       03:40:33      +M1    22 4,159 :4,317  3-3-0
   7 W 1    7,0:0,0        4,0:3,0       03:42:07      +M1    68 4,209 :4,372  4-3-0
   8 B 1    8,0:0,0        5,0:3,0       03:44:19      -M1    93 4,224 :4,424  5-3-0
   9 W 1    9,0:0,0        6,0:3,0       03:45:43      +M1    61 4,205 :4,403  6-3-0
  10 B 1    10,0:0,0       7,0:3,0       03:47:02      -M1    57 4,203 :4,404  7-3-0
  11 B 2    11,0:0,0       7,0:4,0       03:48:07      -M1    46 4,193 :4,405  7-4-0
  12 W 2    12,0:0,0       7,0:5,0       03:49:29      +M1    60 4,178 :4,415  7-5-0
  13 B 2    13,0:0,0       7,0:6,0       03:50:59      -M1    65 4,109 :4,339  7-6-0
  14 = =    13,5:0,5       7,5:6,5       03:53:05    -0.00    89 4,094 :4,303  7-6-1
  15 B 2    14,5:0,5       7,5:7,5       03:53:48      -M1    31 4,087 :4,300  7-7-1
  16 W 2    15,5:0,5       7,5:8,5       03:55:01      +M1    53 4,117 :4,328  7-8-1
  17 B 2    16,5:0,5       7,5:9,5       03:56:15   -12.46    53 4,106 :4,324  7-9-1
  18 = =    17,0:1,0       8,0:10,0      03:58:34    -0.00    97 4,091 :4,322  7-9-2
  19 = =    17,5:1,5       8,5:10,5      04:00:36    -0.00    86 4,102 :4,333  7-9-3
  20 W 2    18,5:1,5       8,5:11,5      04:01:12      +M1    27 4,106 :4,324  7-10-3

--------------------------------------------------------------

Engine-Match 13 January 2021 04:01:19
 Blitz 0/0,4 

Pairing 1/1 :    WukongJS 1.4a  -  WukongJS 1.4a tuned

PGN-File: /home/maksim/Tournaments/Dataset.pgn

No:  B/W 1/2     W:B       1:2           Time        Value Moves Dep 1:2       1-2-Draws
  21 W 1    2,5:1,5        9,5:11,5      04:03:17      +M1    85 4,545 :4,259  8-10-3
  22 W 2    3,5:1,5        9,5:12,5      04:03:58      +M1    32 4,512 :4,387  8-11-3
  23 = =    4,0:2,0        10,0:13,0     04:05:03    -0.00    46 4,495 :4,402  8-11-4
  24 W 2    5,0:2,0        10,0:14,0     04:05:48    +7.36    33 4,500 :4,427  8-12-4
  25 = =    5,5:2,5        10,5:14,5     04:06:07    -0.00    13 4,565 :4,496  8-12-5
  26 * *     5,5:2,5        10,5:14,5     04:07:28    +1.99    58 4,608 :4,503  8-12-5

--------------------------------------------------------------

Engine-Match 13 January 2021 04:10:48
 Blitz 0/0,4 

Pairing 1/1 :    WukongJS 1.4a  -  WukongJS 1.4a tuned

PGN-File: /home/maksim/Tournaments/Dataset.pgn

No:  B/W 1/2     W:B       1:2           Time        Value Moves Dep 1:2       1-2-Draws
   1 B 2    1,0:0,0        0,0:1,0       04:12:31      -M1    74 5,125 :4,750  0-1-0
   2 W 2    2,0:0,0        0,0:2,0       04:13:52    +4.59    58 4,786 :4,714  0-2-0
   3 B 2    3,0:0,0        0,0:3,0       04:15:04    -8.95    51 4,694 :4,646  0-3-0
   4 * *     3,0:0,0        0,0:3,0       04:15:29    +1.74    16 4,574 :4,776  0-3-0

--------------------------------------------------------------

Engine-Match 13 January 2021 04:16:48
 Blitz 0/0,4 

Pairing 1/1 :    WukongJS 1.4a  -  WukongJS 1.4a tuned

PGN-File: /home/maksim/Tournaments/Dataset.pgn

No:  B/W 1/2     W:B       1:2           Time        Value Moves Dep 1:2       1-2-Draws
   1 B 2    1,0:0,0        0,0:1,0       04:17:51      -M4    46 4,436 :4,500  0-1-0
   2 B 1    2,0:0,0        1,0:1,0       04:18:44      -M1    38 4,614 :4,464  1-1-0
   3 B 2    3,0:0,0        1,0:2,0       04:19:32    -7.18    35 4,567 :4,432  1-2-0
   4 B 1    4,0:0,0        2,0:2,0       04:21:29      -M1    83 4,571 :4,439  2-2-0
   5 B 2    5,0:0,0        2,0:3,0       04:22:34      -M1    47 4,500 :4,415  2-3-0
   6 W 2    6,0:0,0        2,0:4,0       04:22:59    +4.90    19 4,505 :4,446  2-4-0
   7 B 2    7,0:0,0        2,0:5,0       04:24:00    -5.76    44 4,484 :4,425  2-5-0
   8 * *     7,0:0,0        2,0:5,0       04:24:50    +5.05    35 4,496 :4,459  2-5-0

--------------------------------------------------------------

Engine-Match 13 January 2021 04:25:51
 Blitz 0/0,4 

Pairing 1/1 :    WukongJS 1.4a  -  WukongJS 1.4a tuned

PGN-File: /home/maksim/Tournaments/Dataset.pgn

No:  B/W 1/2     W:B       1:2           Time        Value Moves Dep 1:2       1-2-Draws
   1 W 1    1,0:0,0        1,0:0,0       04:26:26      +M1    27 4,579 :4,579  1-0-0
   2 W 2    2,0:0,0        1,0:1,0       04:27:54   +19.52    63 4,821 :4,857  1-1-0
   3 = =    2,5:0,5        1,5:1,5       04:29:58    -0.00    87 4,485 :4,397  1-1-1
   4 W 2    3,5:0,5        1,5:2,5       04:30:31    +5.01    24 4,535 :4,442  1-2-1
   5 W 1    4,5:0,5        2,5:2,5       04:31:56      +M1    60 4,549 :4,438  2-2-1
   6 W 2    5,5:0,5        2,5:3,5       04:33:14    +2.17    55 4,608 :4,469  2-3-1
   7 B 2    6,5:0,5        2,5:4,5       04:33:50    -6.43    25 4,509 :4,453  2-4-1
   8 B 1    7,5:0,5        3,5:4,5       04:34:53      -M1    45 4,565 :4,475  3-4-1
   9 B 2    8,5:0,5        3,5:5,5       04:36:21   -12.53    62 4,557 :4,438  3-5-1
  10 W 2    9,5:0,5        3,5:6,5       04:37:29      +M2    48 4,530 :4,433  3-6-1
  11 W 1    10,5:0,5       4,5:6,5       04:38:53      +M1    61 4,534 :4,422  4-6-1
  12 W 2    11,5:0,5       4,5:7,5       04:40:26    +3.51    66 4,549 :4,429  4-7-1
  13 B 2    12,5:0,5       4,5:8,5       04:41:58    -3.08    64 4,570 :4,459  4-8-1
  14 W 2    13,5:0,5       4,5:9,5       04:43:15    +0.99    54 4,540 :4,421  4-9-1
  15 * *     13,5:0,5       4,5:9,5       04:43:54    -2.64    27 4,544 :4,418  4-9-1

--------------------------------------------------------------

Engine-Match 13 January 2021 04:45:01
 Blitz 0/0,4 

Pairing 1/1 :    WukongJS 1.4a  -  WukongJS 1.4a tuned

PGN-File: /home/maksim/Tournaments/Dataset.pgn

No:  B/W 1/2     W:B       1:2           Time        Value Moves Dep 1:2       1-2-Draws
   1 B 2    1,0:0,0        0,0:1,0       04:46:49    -8.06    76 4,971 :4,970  0-1-0
   2 W 2    2,0:0,0        0,0:2,0       04:47:14      +M1    19 4,761 :4,826  0-2-0
   3 W 1    3,0:0,0        1,0:2,0       04:48:24      +M1    51 4,707 :4,756  1-2-0
   4 B 1    4,0:0,0        2,0:2,0       04:50:23      -M1    85 4,539 :4,543  2-2-0
   5 W 1    5,0:0,0        3,0:2,0       04:53:47      +M1   141 4,422 :4,440  3-2-0
   6 W 2    6,0:0,0        3,0:3,0       04:54:26    +3.07    28 4,442 :4,448  3-3-0
   7 B 2    7,0:0,0        3,0:4,0       04:55:17   -13.63    35 4,433 :4,451  3-4-0
   8 W 2    8,0:0,0        3,0:5,0       04:56:23      +M1    47 4,391 :4,442  3-5-0
   9 B 2    9,0:0,0        3,0:6,0       04:58:25      -M5    86 4,456 :4,496  3-6-0
  10 W 2    10,0:0,0       3,0:7,0       04:59:27    +6.01    43 4,472 :4,500  3-7-0
  11 B 2    11,0:0,0       3,0:8,0       04:59:59    -4.14    22 4,464 :4,497  3-8-0
  12 W 2    12,0:0,0       3,0:9,0       05:00:31    -2.38    23 4,460 :4,499  3-9-0
  13 B 2    13,0:0,0       3,0:10,0      05:01:49    -1.44    56 4,470 :4,483  3-10-0
  14 W 2    14,0:0,0       3,0:11,0      05:03:14   +10.98    59 4,470 :4,457  3-11-0
  15 * *     14,0:0,0       3,0:11,0      05:04:13    -0.88    41 4,458 :4,436  3-11-0

--------------------------------------------------------------

Engine-Match 13 January 2021 05:05:02
 Blitz 0/0,4 

Pairing 1/1 :    WukongJS 1.4a  -  WukongJS 1.4a tuned

PGN-File: /home/maksim/Tournaments/Dataset.pgn

No:  B/W 1/2     W:B       1:2           Time        Value Moves Dep 1:2       1-2-Draws
   1 B 2    1,0:0,0        0,0:1,0       05:05:44    -7.86    30 4,536 :4,333  0-1-0
   2 W 2    2,0:0,0        0,0:2,0       05:06:55    +6.74    51 4,723 :4,383  0-2-0
   3 W 1    3,0:0,0        1,0:2,0       05:08:28      +M1    67 4,577 :4,386  1-2-0
   4 W 2    4,0:0,0        1,0:3,0       05:09:37    +1.62    50 4,568 :4,333  1-3-0
   5 W 1    5,0:0,0        2,0:3,0       05:11:32      +M1    82 4,525 :4,174  2-3-0
   6 B 1    6,0:0,0        3,0:3,0       05:14:12      -M1   112 4,547 :4,198  3-3-0
   7 B 2    7,0:0,0        3,0:4,0       05:15:20   -10.72    49 4,604 :4,242  3-4-0
   8 W 2    8,0:0,0        3,0:5,0       05:16:31      +M1    51 4,619 :4,250  3-5-0
   9 W 1    9,0:0,0        4,0:5,0       05:18:03      +M1    66 4,623 :4,301  4-5-0
  10 W 2    10,0:0,0       4,0:6,0       05:20:37   +12.70   108 4,564 :4,316  4-6-0
  11 B 2    11,0:0,0       4,0:7,0       05:21:14      -M1    26 4,548 :4,313  4-7-0
  12 W 2    12,0:0,0       4,0:8,0       05:22:31      +M1    56 4,564 :4,326  4-8-0
  13 B 2    13,0:0,0       4,0:9,0       05:23:28   -21.70    41 4,542 :4,313  4-9-0
  14 W 2    14,0:0,0       4,0:10,0      05:24:11      +M1    32 4,508 :4,273  4-10-0
  15 W 1    15,0:0,0       5,0:10,0      05:24:55      +M1    33 4,525 :4,270  5-10-0
  16 B 1    16,0:0,0       6,0:10,0      05:25:51      -M1    41 4,552 :4,291  6-10-0
  17 B 2    17,0:0,0       6,0:11,0      05:26:51      -M1    43 4,514 :4,285  6-11-0
  18 W 2    18,0:0,0       6,0:12,0      05:27:40   +16.37    35 4,514 :4,321  6-12-0
  19 W 1    19,0:0,0       7,0:12,0      05:30:24      +M1   115 4,458 :4,276  7-12-0
  20 W 2    20,0:0,0       7,0:13,0      05:31:31    +5.39    48 4,476 :4,285  7-13-0

--------------------------------------------------------------

Engine-Match 13 January 2021 05:31:39
 Blitz 0/0,4 

Pairing 1/1 :    WukongJS 1.4a  -  WukongJS 1.4a tuned

PGN-File: /home/maksim/Tournaments/Dataset.pgn

No:  B/W 1/2     W:B       1:2           Time        Value Moves Dep 1:2       1-2-Draws
  21 B 2    1,0:0,0        7,0:14,0      05:32:54    -3.49    53 4,773 :4,810  7-14-0
  22 B 1    2,0:0,0        8,0:14,0      05:34:30      -M1    68 5,059 :4,882  8-14-0
  23 B 2    3,0:0,0        8,0:15,0      05:35:53    -0.63    60 4,694 :4,729  8-15-0
  24 W 2    4,0:0,0        8,0:16,0      05:36:17    +3.85    17 4,590 :4,733  8-16-0
  25 B 2    5,0:0,0        8,0:17,0      05:37:37      -M3    56 4,563 :4,782  8-17-0
  26 B 1    6,0:0,0        9,0:17,0      05:38:12      -M1    25 4,485 :4,701  9-17-0
  27 W 1    7,0:0,0        10,0:17,0     05:39:37      +M1    61 4,400 :4,557  10-17-0
  28 W 2    8,0:0,0        10,0:18,0     05:41:39    +8.57    87 4,410 :4,603  10-18-0
  29 B 2    9,0:0,0        10,0:19,0     05:42:21    -7.69    30 4,429 :4,624  10-19-0
  30 W 2    10,0:0,0       10,0:20,0     05:43:11      +M1    36 4,326 :4,524  10-20-0
  31 * *     10,0:0,0       10,0:20,0     05:44:07    -3.99    40 4,354 :4,576  10-20-0

--------------------------------------------------------------

Engine-Match 13 January 2021 05:45:20
 Blitz 2/1 

Pairing 1/1 :    WukongJS 1.4a  -  TSCP

PGN-File: /home/maksim/Tournaments/Dataset.pgn

No:  B/W 1/2     W:B       1:2           Time        Value Moves Dep 1:2       1-2-Draws
   1 W 1    1,0:0,0        1,0:0,0       05:51:52      +M1    75 7,958 :6,261  1-0-0
   2 = =    1,5:0,5        1,5:0,5       05:58:45    -0.00    78 7,959 :6,163  1-0-1
   3 W 1    2,5:0,5        2,5:0,5       06:05:53      +M1    84 7,756 :6,077  2-0-1
   4 = =    3,0:1,0        3,0:1,0       06:14:21    -0.00   106 7,819 :6,100  2-0-2
   5 W 1    4,0:1,0        4,0:1,0       06:20:32      +M1    70 7,895 :6,149  3-0-2
   6 = =    4,5:1,5        4,5:1,5       06:29:00    -0.00   106 7,932 :6,159  3-0-3
   7 = =    5,0:2,0        5,0:2,0       06:36:22    -0.00    86 7,877 :6,129  3-0-4
   8 B 1    6,0:2,0        6,0:2,0       06:41:37      -M1    57 7,931 :6,136  4-0-4
   9 B 2    7,0:2,0        6,0:3,0       06:48:27   -99.99    80 8,022 :6,190  4-1-4
  10 W 2    8,0:2,0        6,0:4,0       06:53:21   +99.99    52 7,965 :6,164  4-2-4
  11 W 1    9,0:2,0        7,0:4,0       07:00:28      +M1    84 7,897 :6,134  5-2-4
  12 B 1    10,0:2,0       8,0:4,0       07:04:05      -M1    37 7,886 :6,113  6-2-4
  13 B 2    11,0:2,0       8,0:5,0       07:09:04   -99.99    53 7,875 :6,103  6-3-4
  14 W 2    12,0:2,0       8,0:6,0       07:13:16   +99.99    44 7,864 :6,086  6-4-4
  15 W 1    13,0:2,0       9,0:6,0       07:18:25      +M1    55 7,826 :6,034  7-4-4
  16 B 1    14,0:2,0       10,0:6,0      07:24:19      -M1    65 7,839 :6,024  8-4-4
  17 W 1    15,0:2,0       11,0:6,0      07:30:20      +M1    68 7,830 :6,018  9-4-4
  18 W 2    16,0:2,0       11,0:7,0      07:36:33   +99.99    70 7,831 :6,033  9-5-4
  19 W 1    17,0:2,0       12,0:7,0      07:43:09      +M1    77 7,817 :6,034  10-5-4
  20 W 2    18,0:2,0       12,0:8,0      07:48:27   +99.99    56 7,814 :6,040  10-6-4

--------------------------------------------------------------

Engine-Match 13 January 2021 07:48:34
 Blitz 2/1 

Pairing 1/1 :    WukongJS 1.4a  -  TSCP

PGN-File: /home/maksim/Tournaments/Dataset.pgn

No:  B/W 1/2     W:B       1:2           Time        Value Moves Dep 1:2       1-2-Draws
  21 W 1    3,0:2,0        13,0:8,0      07:54:06      +M1    62 7,514 :5,944  11-6-4
  22 B 1    4,0:2,0        14,0:8,0      08:00:39      -M1    76 7,500 :5,926  12-6-4
  23 W 1    5,0:2,0        15,0:8,0      08:03:58      +M1    35 7,558 :5,861  13-6-4
  24 W 2    6,0:2,0        15,0:9,0      08:13:34   +99.99   129 7,558 :5,821  13-7-4
  25 W 1    7,0:2,0        16,0:9,0      08:18:44      +M1    58 7,640 :5,814  14-7-4
  26 B 1    8,0:2,0        17,0:9,0      08:24:35      -M1    65 7,688 :5,820  15-7-4
  27 B 2    9,0:2,0        17,0:10,0     08:29:28   -99.99    52 7,733 :5,861  15-8-4
  28 W 2    10,0:2,0       17,0:11,0     08:36:37   +99.99    85 7,776 :5,880  15-9-4
  29 B 2    11,0:2,0       17,0:12,0     08:41:27   -99.99    52 7,742 :5,851  15-10-4
  30 W 2    12,0:2,0       17,0:13,0     08:45:23   +99.99    42 7,746 :5,865  15-11-4
  31 = =    12,5:2,5       17,5:13,5     08:47:12    -0.00    15 7,783 :5,864  15-11-5
  32 B 1    13,5:2,5       18,5:13,5     08:53:23      -M1    70 7,811 :5,884  16-11-5
  33 = =    14,0:3,0       19,0:14,0     09:00:37    -0.00    85 7,829 :5,900  16-11-6
  34 W 2    15,0:3,0       19,0:15,0     09:04:33   +99.99    40 7,816 :5,898  16-12-6
  35 W 1    16,0:3,0       20,0:15,0     09:11:41      +M1    85 7,781 :5,901  17-12-6
  36 W 2    17,0:3,0       20,0:16,0     09:15:36   +99.99    40 7,774 :5,899  17-13-6
  37 W 1    18,0:3,0       21,0:16,0     09:20:41      +M1    55 7,748 :5,879  18-13-6
  38 B 1    19,0:3,0       22,0:16,0     09:26:52      -M1    71 7,760 :5,888  19-13-6
  39 = =    19,5:3,5       22,5:16,5     09:28:42    -0.00    19 7,758 :5,891  19-13-7
  40 B 1    20,5:3,5       23,5:16,5     09:36:44      -M1   101 7,797 :5,928  20-13-7

--------------------------------------------------------------

Engine-Match 13 January 2021 09:36:52
 Blitz 2/1 

Pairing 1/1 :    WukongJS 1.4a  -  TSCP

PGN-File: /home/maksim/Tournaments/Dataset.pgn

No:  B/W 1/2     W:B       1:2           Time        Value Moves Dep 1:2       1-2-Draws
  41 = =    4,0:4,0        24,0:17,0     09:46:35    -0.00   130 7,684 :6,056  20-13-8
  42 W 2    5,0:4,0        24,0:18,0     09:50:42   +99.99    43 7,743 :6,030  20-14-8
  43 B 2    6,0:4,0        24,0:19,0     09:56:27   -99.99    63 7,898 :6,018  20-15-8
  44 W 2    7,0:4,0        24,0:20,0     09:58:22   +99.99    24 7,737 :5,863  20-16-8
  45 W 1    8,0:4,0        25,0:20,0     10:03:29      +M1    55 7,688 :5,802  21-16-8
  46 W 2    9,0:4,0        25,0:21,0     10:08:43   +99.99    55 7,746 :5,827  21-17-8
  47 B 2    10,0:4,0       25,0:22,0     10:15:16   -99.99    75 7,686 :5,853  21-18-8
  48 B 1    11,0:4,0       26,0:22,0     10:23:16      -M1    99 7,683 :5,861  22-18-8
  49 B 2    12,0:4,0       26,0:23,0     10:27:09   -99.99    41 7,674 :5,862  22-19-8
  50 W 2    13,0:4,0       26,0:24,0     10:35:09   +99.99    99 7,702 :5,881  22-20-8
  51 B 2    14,0:4,0       26,0:25,0     10:41:21   -99.99    70 7,677 :5,849  22-21-8
  52 B 1    15,0:4,0       27,0:25,0     10:48:44      -M1    89 7,710 :5,851  23-21-8
  53 W 1    16,0:4,0       28,0:25,0     10:53:11      +M1    47 7,714 :5,872  24-21-8
  54 W 2    17,0:4,0       28,0:26,0     10:55:39   +99.99    27 7,680 :5,843  24-22-8
  55 = =    17,5:4,5       28,5:26,5     11:02:19    -0.00    74 7,687 :5,858  24-22-9
  56 B 1    18,5:4,5       29,5:26,5     11:08:15      -M1    66 7,719 :5,860  25-22-9
  57 W 1    19,5:4,5       30,5:26,5     11:13:49      +M1    62 7,705 :5,871  26-22-9
  58 B 1    20,5:4,5       31,5:26,5     11:21:11      -M1    89 7,725 :5,871  27-22-9
  59 B 2    21,5:4,5       31,5:27,5     11:27:23   -99.99    70 7,711 :5,854  27-23-9
  60 B 1    22,5:4,5       32,5:27,5     11:33:06      -M1    61 7,729 :5,882  28-23-9

--------------------------------------------------------------

Engine-Match 13 January 2021 11:33:14
 Blitz 2/1 

Pairing 1/1 :    WukongJS 1.4a  -  TSCP

PGN-File: /home/maksim/Tournaments/Dataset.pgn

No:  B/W 1/2     W:B       1:2           Time        Value Moves Dep 1:2       1-2-Draws
  61 B 2    5,5:4,5        32,5:28,5     11:39:24   -99.99    70 7,432 :5,639  28-24-9
  62 W 2    6,5:4,5        32,5:29,5     11:51:53   +99.99   187 7,625 :5,691  28-25-9
  63 B 2    7,5:4,5        32,5:30,5     11:59:09   -99.99    86 7,947 :5,933  28-26-9
  64 W 2    8,5:4,5        32,5:31,5     12:05:28   +99.99    70 7,928 :5,908  28-27-9
  65 B 2    9,5:4,5        32,5:32,5     12:10:22   -99.99    52 7,965 :5,932  28-28-9
  66 W 2    10,5:4,5       32,5:33,5     12:15:21   +99.99    53 7,930 :5,890  28-29-9
  67 W 1    11,5:4,5       33,5:33,5     12:20:04      +M1    50 7,944 :5,900  29-29-9
  68 W 2    12,5:4,5       33,5:34,5     12:23:29   +99.99    37 7,807 :5,815  29-30-9
  69 = =    13,0:5,0       34,0:35,0     12:30:51    -0.00    86 7,789 :5,826  29-30-10
  70 W 2    14,0:5,0       34,0:36,0     12:35:06   +99.99    45 7,778 :5,803  29-31-10
  71 B 2    15,0:5,0       34,0:37,0     12:41:49   -99.99    77 7,799 :5,818  29-32-10
  72 B 1    16,0:5,0       35,0:37,0     12:48:20      -M1    75 7,816 :5,820  30-32-10
  73 B 2    17,0:5,0       35,0:38,0     12:55:53   -99.99    91 7,825 :5,825  30-33-10
  74 W 2    18,0:5,0       35,0:39,0     12:58:55   +99.99    31 7,789 :5,807  30-34-10
  75 W 1    19,0:5,0       36,0:39,0     13:06:05      +M1    85 7,766 :5,813  31-34-10
  76 W 2    20,0:5,0       36,0:40,0     13:11:23   +99.99    57 7,795 :5,830  31-35-10
  77 B 2    21,0:5,0       36,0:41,0     13:17:16   -99.99    65 7,805 :5,846  31-36-10
  78 = =    21,5:5,5       36,5:41,5     13:24:17    -0.00    81 7,813 :5,859  31-36-11
  79 W 1    22,5:5,5       37,5:41,5     13:31:20      +M1    83 7,807 :5,864  32-36-11
  80 W 2    23,5:5,5       37,5:42,5     13:39:20   +99.99    99 7,818 :5,873  32-37-11

--------------------------------------------------------------

Engine-Match 13 January 2021 13:39:28
 Blitz 2/1 

Pairing 1/1 :    WukongJS 1.4a  -  TSCP

PGN-File: /home/maksim/Tournaments/Dataset.pgn

No:  B/W 1/2     W:B       1:2           Time        Value Moves Dep 1:2       1-2-Draws
  81 B 2    6,5:5,5        37,5:43,5     13:44:04   -99.99    48 7,697 :5,939  32-38-11
  82 B 1    7,5:5,5        38,5:43,5     13:48:47      -M1    49 7,779 :6,000  33-38-11
  83 W 1    8,5:5,5        39,5:43,5     13:57:23      +M1   110 7,730 :5,939  34-38-11
  84 = =    9,0:6,0        40,0:44,0     14:04:25    -0.00    81 7,771 :5,965  34-38-12
  85 B 2    10,0:6,0       40,0:45,0     14:09:11   -99.99    50 7,822 :5,965  34-39-12
  86 = =    10,5:6,5       40,5:45,5     14:16:14    -0.00    81 7,834 :5,980  34-39-13
  87 W 1    11,5:6,5       41,5:45,5     14:20:41      +M1    47 7,823 :5,991  35-39-13
  88 B 1    12,5:6,5       42,5:45,5     14:24:57      -M1    44 7,891 :5,988  36-39-13
  89 W 1    13,5:6,5       43,5:45,5     14:31:17      +M1    74 7,918 :6,000  37-39-13
  90 W 2    14,5:6,5       43,5:46,5     14:39:28   +99.99   103 7,854 :5,997  37-40-13
  91 W 1    15,5:6,5       44,5:46,5     14:44:41      +M1    58 7,860 :5,977  38-40-13
  92 W 2    16,5:6,5       44,5:47,5     14:54:32   +99.99   135 7,860 :5,959  38-41-13
  93 W 1    17,5:6,5       45,5:47,5     15:01:23      +M1    81 7,862 :5,968  39-41-13
  94 W 2    18,5:6,5       45,5:48,5     15:03:54   +99.99    27 7,822 :5,938  39-42-13
  95 W 1    19,5:6,5       46,5:48,5     15:09:06      +M1    58 7,829 :5,926  40-42-13
  96 W 2    20,5:6,5       46,5:49,5     15:14:34   +99.99    59 7,824 :5,916  40-43-13
  97 B 2    21,5:6,5       46,5:50,5     15:20:05   -99.99    59 7,822 :5,925  40-44-13
  98 = =    22,0:7,0       47,0:51,0     15:26:31    -0.00    71 7,824 :5,921  40-44-14
  99 W 1    23,0:7,0       48,0:51,0     15:31:00      +M1    47 7,816 :5,930  41-44-14
 100 B 1    24,0:7,0       49,0:51,0     15:39:41      -M1   110 7,826 :5,937  42-44-14
