Engine-Match 14 January 2021 15:44:41
 Blitz 2/1 

Pairing 1/1 :    WukongJS 1.4  -  TSCP

PGN-File: /home/maksim/Tournaments/Dataset.pgn

No:  B/W 1/2     W:B       1:2           Time        Value Moves Dep 1:2       1-2-Draws
   1 * *     0,0:0,0        0,0:0,0       15:44:55    -0.00     1 0:0 0-0-0

--------------------------------------------------------------

Engine-Match 14 January 2021 15:45:39
 Blitz 2/1 

Pairing 1/1 :    WukongJS 1.4  -  TSCP

PGN-File: /home/maksim/Tournaments/Dataset.pgn

No:  B/W 1/2     W:B       1:2           Time        Value Moves Dep 1:2       1-2-Draws
   1 B 2    1,0:0,0        0,0:1,0       15:52:13   -99.99    76 7,276 :5,603  0-1-0
   2 B 1    2,0:0,0        1,0:1,0       15:56:11      -M1    41 7,548 :5,750  1-1-0
   3 B 2    3,0:0,0        1,0:2,0       16:00:36   -99.99    46 7,686 :5,752  1-2-0
   4 B 1    4,0:0,0        2,0:2,0       16:07:24      -M1    80 7,821 :5,822  2-2-0
   5 W 1    5,0:0,0        3,0:2,0       16:12:06      +M1    48 7,843 :5,855  3-2-0
   6 B 1    6,0:0,0        4,0:2,0       16:18:56      -M1    80 7,914 :5,887  4-2-0
   7 W 1    7,0:0,0        5,0:2,0       16:25:02      +M1    70 7,902 :5,919  5-2-0
   8 B 1    8,0:0,0        6,0:2,0       16:31:18      -M1    70 7,902 :5,921  6-2-0

--------------------------------------------------------------

Engine-Match 14 January 2021 16:45:33
 Blitz 2/1 

Pairing 1/1 :    WukongJS 1.4  -  TSCP

PGN-File: /home/maksim/Tournaments/Dataset.pgn

No:  B/W 1/2     W:B       1:2           Time        Value Moves Dep 1:2       1-2-Draws
   9 * *     0,0:0,0        6,0:2,0       16:45:46    +0.07     2 9,000 :0 6-2-0

--------------------------------------------------------------

Engine-Match 14 January 2021 16:46:13
 Blitz 2/1 

Pairing 1/1 :    WukongJS 1.4  -  TSCP

PGN-File: /home/maksim/Tournaments/Dataset.pgn

No:  B/W 1/2     W:B       1:2           Time        Value Moves Dep 1:2       1-2-Draws
   1 W 1    1,0:0,0        1,0:0,0       16:52:17      +M1    66 9,583 :6,750  1-0-0
   2 B 1    2,0:0,0        2,0:0,0       17:01:41      -M1   125 8,706 :6,182  2-0-0
   3 B 2    3,0:0,0        2,0:1,0       17:06:36   -99.99    50 8,276 :5,919  2-1-0
   4 W 2    4,0:0,0        2,0:2,0       17:12:49   +99.99    67 8,322 :5,942  2-2-0
   5 W 1    5,0:0,0        3,0:2,0       17:18:37      +M1    62 8,168 :5,877  3-2-0
   6 = =    5,5:0,5        3,5:2,5       17:25:48    -0.00    81 8,181 :5,849  3-2-1
   7 B 2    6,5:0,5        3,5:3,5       17:32:32   -99.99    75 8,254 :5,939  3-3-1
   8 W 2    7,5:0,5        3,5:4,5       17:40:04   +99.99    89 8,109 :5,895  3-4-1
   9 W 1    8,5:0,5        4,5:4,5       17:45:55      +M1    63 8,058 :5,879  4-4-1
  10 B 1    9,5:0,5        5,5:4,5       17:54:07      -M1   103 8,004 :5,871  5-4-1
  11 W 1    10,5:0,5       6,5:4,5       18:00:02      +M1    64 8,024 :5,892  6-4-1
  12 W 2    11,5:0,5       6,5:5,5       18:08:29   +99.99   108 8,049 :5,899  6-5-1
  13 B 2    12,5:0,5       6,5:6,5       18:14:15   -99.99    60 8,098 :5,925  6-6-1
  14 = =    13,0:1,0       7,0:7,0       18:24:24    -0.00   136 8,108 :5,930  6-6-2
  15 W 1    14,0:1,0       8,0:7,0       18:30:46      +M1    70 8,122 :5,951  7-6-2
  16 B 1    15,0:1,0       9,0:7,0       18:36:57      -M1    67 8,055 :5,928  8-6-2
  17 = =    15,5:1,5       9,5:7,5       18:44:26    -0.00    86 8,058 :5,942  8-6-3
  18 W 2    16,5:1,5       9,5:8,5       18:52:52   +99.99   104 8,068 :5,950  8-7-3
  19 B 2    17,5:1,5       9,5:9,5       18:58:19   -99.99    56 8,063 :5,935  8-8-3
  20 B 1    18,5:1,5       10,5:9,5      19:05:30      -M1    82 8,067 :5,943  9-8-3

--------------------------------------------------------------

Engine-Match 14 January 2021 19:05:39
 Blitz 2/1 

Pairing 1/1 :    WukongJS 1.4  -  TSCP

PGN-File: /home/maksim/Tournaments/Dataset.pgn

No:  B/W 1/2     W:B       1:2           Time        Value Moves Dep 1:2       1-2-Draws
  21 W 1    2,5:1,5        11,5:9,5      19:11:26      +M1    62 7,500 :5,700  10-8-3
  22 W 2    3,5:1,5        11,5:10,5     19:19:44   +99.99   103 7,833 :5,811  10-9-3
  23 W 1    4,5:1,5        12,5:10,5     19:24:51      +M1    53 7,971 :5,926  11-9-3
  24 W 2    5,5:1,5        12,5:11,5     19:30:53   +99.99    63 7,978 :5,943  11-10-3
  25 W 1    6,5:1,5        13,5:11,5     19:39:24      +M1   109 7,695 :5,781  12-10-3
  26 W 2    7,5:1,5        13,5:12,5     19:46:13   +99.99    78 7,679 :5,779  12-11-3
  27 W 1    8,5:1,5        14,5:12,5     19:53:58      +M1    94 7,641 :5,786  13-11-3
  28 W 2    9,5:1,5        14,5:13,5     20:00:18   +99.99    69 7,704 :5,777  13-12-3
  29 B 2    10,5:1,5       14,5:14,5     20:07:57   -99.99    90 7,746 :5,815  13-13-3
  30 W 2    11,5:1,5       14,5:15,5     20:12:43   +99.99    46 7,781 :5,797  13-14-3
  31 W 1    12,5:1,5       15,5:15,5     20:17:47      +M1    50 7,781 :5,806  14-14-3
  32 B 1    13,5:1,5       16,5:15,5     20:22:04      -M1    40 7,798 :5,812  15-14-3
  33 = =    14,0:2,0       17,0:16,0     20:25:18    -0.61    27 7,820 :5,829  15-14-4
  34 = =    14,5:2,5       17,5:16,5     20:32:44    -0.00    86 7,779 :5,811  15-14-5
  35 B 2    15,5:2,5       17,5:17,5     20:36:45   -99.99    39 7,786 :5,822  15-15-5
  36 B 1    16,5:2,5       18,5:17,5     20:41:59      -M1    54 7,821 :5,837  16-15-5
  37 B 2    17,5:2,5       18,5:18,5     20:48:46   -99.99    75 7,818 :5,842  16-16-5
  38 W 2    18,5:2,5       18,5:19,5     20:54:40   +99.99    62 7,834 :5,832  16-17-5
  39 = =    19,0:3,0       19,0:20,0     21:00:31    -0.00    60 7,845 :5,804  16-17-6
  40 = =    19,5:3,5       19,5:20,5     21:08:05    -0.00    88 7,859 :5,806  16-17-7

--------------------------------------------------------------

Engine-Match 14 January 2021 21:08:13
 Blitz 2/1 

Pairing 1/1 :    WukongJS 1.4  -  TSCP

PGN-File: /home/maksim/Tournaments/Dataset.pgn

No:  B/W 1/2     W:B       1:2           Time        Value Moves Dep 1:2       1-2-Draws
  41 W 1    4,5:3,5        20,5:20,5     21:14:49      +M1    75 7,440 :5,720  17-17-7
  42 B 1    5,5:3,5        21,5:20,5     21:21:09      -M1    70 7,733 :5,822  18-17-7
  43 B 2    6,5:3,5        21,5:21,5     21:26:52   -99.99    60 7,833 :5,889  18-18-7
  44 = =    7,0:4,0        22,0:22,0     21:32:58    -0.00    64 7,853 :5,933  18-18-8
  45 W 1    8,0:4,0        23,0:22,0     21:39:28      +M1    73 7,895 :5,933  19-18-8
  46 B 1    9,0:4,0        24,0:22,0     21:46:46      -M1    85 7,932 :5,966  20-18-8
  47 W 1    10,0:4,0       25,0:22,0     21:52:31      +M1    62 7,869 :5,927  21-18-8
  48 W 2    11,0:4,0       25,0:23,0     21:59:07   +99.99    74 7,788 :5,872  21-19-8
  49 = =    11,5:4,5       25,5:23,5     22:05:53    -0.00    74 7,827 :5,891  21-19-9
  50 B 1    12,5:4,5       26,5:23,5     22:12:51      -M1    80 7,856 :5,905  22-19-9
  51 B 2    13,5:4,5       26,5:24,5     22:19:35   -99.99    76 7,761 :5,849  22-20-9
  52 = =    14,0:5,0       27,0:25,0     22:30:07    -0.00   145 7,854 :5,879  22-20-10
  53 B 2    15,0:5,0       27,0:26,0     22:37:07   -99.99    80 7,852 :5,888  22-21-10
  54 B 1    16,0:5,0       28,0:26,0     22:42:29      -M1    55 7,902 :5,905  23-21-10
  55 B 2    17,0:5,0       28,0:27,0     22:49:29   -99.99    80 7,852 :5,881  23-22-10
  56 B 1    18,0:5,0       29,0:27,0     22:54:36      -M1    52 7,901 :5,918  24-22-10
  57 W 1    19,0:5,0       30,0:27,0     22:59:53      +M1    55 7,918 :5,939  25-22-10
  58 W 2    20,0:5,0       30,0:28,0     23:08:01   +99.99   102 7,934 :5,941  25-23-10
  59 B 2    21,0:5,0       30,0:29,0     23:15:35   -99.99    90 7,942 :5,953  25-24-10
  60 W 2    22,0:5,0       30,0:30,0     23:21:22   +99.99    61 7,958 :5,955  25-25-10

--------------------------------------------------------------

Engine-Match 14 January 2021 23:21:30
 Blitz 2/1 

Pairing 1/1 :    WukongJS 1.4  -  TSCP

PGN-File: /home/maksim/Tournaments/Dataset.pgn

No:  B/W 1/2     W:B       1:2           Time        Value Moves Dep 1:2       1-2-Draws
  61 = =    5,5:5,5        30,5:30,5     23:24:35    -0.00    28 7,909 :6,000  25-25-11
  62 W 2    6,5:5,5        30,5:31,5     23:32:10   +99.99    91 8,000 :6,000  25-26-11
  63 B 2    7,5:5,5        30,5:32,5     23:38:52   -99.99    75 8,261 :6,090  25-27-11
  64 W 2    8,5:5,5        30,5:33,5     23:47:27   +99.99   110 8,236 :6,097  25-28-11
  65 W 1    9,5:5,5        31,5:33,5     23:53:10      +M1    61 8,119 :6,033  26-28-11
  66 = =    10,0:6,0       32,0:34,0     00:00:43    -0.00    88 8,170 :6,043  26-28-12
  67 W 1    11,0:6,0       33,0:34,0     00:08:01      +M1    85 8,201 :6,062  27-28-12
  68 B 1    12,0:6,0       34,0:34,0     00:14:44      -M1    75 8,152 :6,091  28-28-12
  69 B 2    13,0:6,0       34,0:35,0     00:22:43   -99.99    98 8,128 :6,054  28-29-12
  70 W 2    14,0:6,0       34,0:36,0     00:30:02   +99.99    86 8,158 :6,074  28-30-12
  71 W 1    15,0:6,0       35,0:36,0     00:36:17      +M1    68 8,099 :6,037  29-30-12
  72 B 1    16,0:6,0       36,0:36,0     00:41:33      -M1    54 8,117 :6,032  30-30-12
  73 W 1    17,0:6,0       37,0:36,0     00:48:18      +M1    75 8,100 :6,011  31-30-12
  74 W 2    18,0:6,0       37,0:37,0     00:56:18   +99.99    98 8,124 :6,020  31-31-12
  75 B 2    19,0:6,0       37,0:38,0     01:03:02   -99.99    75 8,158 :6,036  31-32-12
  76 B 1    20,0:6,0       38,0:38,0     01:09:14      -M1    67 8,163 :6,035  32-32-12
  77 W 1    21,0:6,0       39,0:38,0     01:13:41      +M1    45 8,165 :6,032  33-32-12
  78 W 2    22,0:6,0       39,0:39,0     01:21:27   +99.99    95 8,165 :6,027  33-33-12
  79 W 1    23,0:6,0       40,0:39,0     01:28:21      +M1    79 8,168 :6,024  34-33-12
  80 W 2    24,0:6,0       40,0:40,0     01:36:43   +99.99   106 8,206 :6,039  34-34-12

--------------------------------------------------------------

Engine-Match 15 January 2021 01:36:51
 Blitz 2/1 

Pairing 1/1 :    WukongJS 1.4  -  TSCP

PGN-File: /home/maksim/Tournaments/Dataset.pgn

No:  B/W 1/2     W:B       1:2           Time        Value Moves Dep 1:2       1-2-Draws
  81 W 1    7,0:6,0        41,0:40,0     01:41:45      +M1    50 8,167 :5,972  35-34-12
  82 = =    7,5:6,5        41,5:40,5     01:53:40    -0.00   173 8,016 :5,968  35-34-13
  83 = =    8,0:7,0        42,0:41,0     02:00:12    -0.00    70 8,066 :6,000  35-34-14
  84 B 1    9,0:7,0        43,0:41,0     02:07:41      -M1    90 8,007 :6,055  36-34-14
  85 B 2    10,0:7,0       43,0:42,0     02:14:22   -99.99    75 8,131 :6,081  36-35-14
  86 B 1    11,0:7,0       44,0:42,0     02:19:02      -M1    47 8,152 :6,055  37-35-14
  87 B 2    12,0:7,0       44,0:43,0     02:25:22   -99.99    69 8,155 :6,050  37-36-14
  88 B 1    13,0:7,0       45,0:43,0     02:30:59      -M1    59 8,123 :6,031  38-36-14
  89 W 1    14,0:7,0       46,0:43,0     02:37:36      +M1    74 8,101 :6,019  39-36-14
  90 W 2    15,0:7,0       46,0:44,0     02:44:43   +99.99    83 8,088 :6,024  39-37-14
  91 B 2    16,0:7,0       46,0:45,0     02:52:41   -99.99    98 8,078 :6,005  39-38-14
  92 B 1    17,0:7,0       47,0:45,0     02:59:06      -M1    71 8,087 :6,005  40-38-14
  93 = =    17,5:7,5       47,5:45,5     03:05:49    -0.00    73 8,072 :5,993  40-38-15
  94 B 1    18,5:7,5       48,5:45,5     03:13:02      -M1    85 8,080 :5,995  41-38-15
  95 W 1    19,5:7,5       49,5:45,5     03:16:16      +M1    31 8,045 :5,974  42-38-15
  96 W 2    20,5:7,5       49,5:46,5     03:24:51   +99.99   111 8,096 :5,994  42-39-15
  97 B 2    21,5:7,5       49,5:47,5     03:27:27   -99.99    26 8,052 :5,973  42-40-15
  98 B 1    22,5:7,5       50,5:47,5     03:33:58      -M1    72 8,068 :5,978  43-40-15
  99 W 1    23,5:7,5       51,5:47,5     03:38:06      +M1    40 8,075 :5,982  44-40-15
 100 B 1    24,5:7,5       52,5:47,5     03:43:26      -M1    55 8,105 :5,990  45-40-15
